<?xml version="1.0" encoding="UTF-8"?>
<!-- Generated by org.testng.reporters.JUnitReportReporter -->
<testsuite hostname="Thanishas-MacBook-Pro.local" failures="0" tests="4" name="LoginPageTest" time="41.582" errors="0" timestamp="2022-04-13T15:53:41 IST" skipped="0">
  <testcase classname="LoginPageTest" name="validateDisplayOfShopByCategorySection" time="5.419"/>
  <system-out/>
  <testcase classname="LoginPageTest" name="validateDisplayOfTopBrandsSection" time="5.235"/>
  <system-out/>
  <testcase classname="LoginPageTest" name="validateLoginTest" time="25.709"/>
  <system-out/>
  <testcase classname="LoginPageTest" name="validateLogo" time="5.219"/>
  <system-out/>
</testsuite> <!-- LoginPageTest -->
