<?xml version="1.0" encoding="UTF-8"?>
<!-- Generated by org.testng.reporters.JUnitReportReporter -->
<testsuite hostname="Thanishas-MacBook-Pro.local" failures="0" tests="1" name="AddressPageTest" time="97.286" errors="0" timestamp="2022-04-13T15:53:41 IST" skipped="0">
  <testcase classname="AddressPageTest" name="validateNavigateToPaymentPage" time="97.286"/>
  <system-out/>
</testsuite> <!-- AddressPageTest -->
