<?xml version="1.0" encoding="UTF-8"?>
<!-- Generated by org.testng.reporters.JUnitReportReporter -->
<testsuite hostname="Thanishas-MacBook-Pro.local" failures="0" tests="1" name="ProfilePageTest" time="36.676" errors="0" timestamp="2022-04-13T15:53:41 IST" skipped="0">
  <testcase classname="ProfilePageTest" name="validateUsernameCheck" time="36.676"/>
  <system-out/>
</testsuite> <!-- ProfilePageTest -->
