<?xml version="1.0" encoding="UTF-8"?>
<!-- Generated by org.testng.reporters.JUnitReportReporter -->
<testsuite hostname="Thanishas-MacBook-Pro.local" failures="0" tests="3" name="CartPageTest" time="257.076" errors="0" timestamp="2022-04-13T15:53:41 IST" skipped="0">
  <testcase classname="CartPageTest" name="validateDeleteProduct" time="87.260"/>
  <system-out/>
  <testcase classname="CartPageTest" name="validateTotalPriceCheck" time="78.240"/>
  <system-out/>
  <testcase classname="CartPageTest" name="validateNavigateToAddressPage" time="91.576"/>
  <system-out/>
</testsuite> <!-- CartPageTest -->
