<?xml version="1.0" encoding="UTF-8"?>
<!-- Generated by org.testng.reporters.JUnitReportReporter -->
<testsuite hostname="Thanishas-MacBook-Pro.local" failures="0" tests="3" name="PdpPageTest" time="200.702" errors="0" timestamp="2022-04-13T15:53:41 IST" skipped="0">
  <testcase classname="PdpPageTest" name="validatePriceDisplay" time="56.686"/>
  <system-out/>
  <testcase classname="PdpPageTest" name="validateAddItemToCart" time="77.024"/>
  <system-out/>
  <testcase classname="PdpPageTest" name="validateUpdateQuantity" time="66.992"/>
  <system-out/>
</testsuite> <!-- PdpPageTest -->
