<?xml version="1.0" encoding="UTF-8"?>
<!-- Generated by org.testng.reporters.JUnitReportReporter -->
<testsuite hostname="Thanishas-MacBook-Pro.local" failures="0" tests="4" name="HomePageTest" time="157.155" errors="0" timestamp="2022-04-13T15:53:41 IST" skipped="0">
  <testcase classname="HomePageTest" name="validateChangePostcode" time="37.374"/>
  <system-out/>
  <testcase classname="HomePageTest" name="validateHomePageTitle" time="26.914"/>
  <system-out/>
  <testcase classname="HomePageTest" name="validateNavigateToProfilePage" time="35.948"/>
  <system-out/>
  <testcase classname="HomePageTest" name="validateSearchProduct" time="56.919"/>
  <system-out/>
</testsuite> <!-- HomePageTest -->
