<?xml version="1.0" encoding="UTF-8"?>
<!-- Generated by org.testng.reporters.JUnitReportReporter -->
<testsuite hostname="Thanishas-MacBook-Pro.local" failures="0" tests="1" name="OrdersPageTest" time="92.932" errors="0" timestamp="2022-04-13T15:53:41 IST" skipped="0">
  <testcase classname="OrdersPageTest" name="validatePlacedOrderDetails" time="92.932"/>
  <system-out/>
</testsuite> <!-- OrdersPageTest -->
